<?xml version="1.0" encoding="UTF-8"?>
<!-- Generated by org.testng.reporters.JUnitReportReporter -->
<testsuite hostname="LAPTOP-KVH3K9TU" failures="0" tests="1" name="selenium_test.Testcase" time="1.679" errors="0" timestamp="2023-10-19T11:48:36 PDT" skipped="0">
  <testcase classname="selenium_test.Testcase" name="add_remove_elements_test" time="1.679"/>
  <system-out/>
</testsuite> <!-- selenium_test.Testcase -->
